2018-02-04 22:38:19 [scrapy.utils.log] INFO: Scrapy 1.5.0 started (bot: AmazonSpider)
2018-02-04 22:38:19 [scrapy.utils.log] INFO: Versions: lxml 4.1.1.0, libxml2 2.9.5, cssselect 1.0.3, parsel 1.3.1, w3lib 1.19.0, Twisted 17.9.0, Python 2.7.14 (v2.7.14:84471935ed, Sep 16 2017, 20:19:30) [MSC v.1500 32 bit (Intel)], pyOpenSSL 17.5.0 (OpenSSL 1.1.0g  2 Nov 2017), cryptography 2.1.4, Platform Windows-10-10.0.10586
2018-02-04 22:38:19 [scrapy.crawler] INFO: Overridden settings: {'NEWSPIDER_MODULE': 'AmazonSpider.spiders', 'ROBOTSTXT_OBEY': True, 'SPIDER_MODULES': ['AmazonSpider.spiders'], 'LOG_FILE': 'logs\\default\\amazonspider\\4f1e23e109eb11e8a085ec9a7459f54b.log', 'BOT_NAME': 'AmazonSpider'}
2018-02-04 22:38:19 [scrapy.middleware] INFO: Enabled extensions:
['scrapy.extensions.logstats.LogStats',
 'scrapy.extensions.telnet.TelnetConsole',
 'scrapy.extensions.corestats.CoreStats']
2018-02-04 22:38:19 [scrapy.middleware] INFO: Enabled downloader middlewares:
['scrapy.downloadermiddlewares.robotstxt.RobotsTxtMiddleware',
 'scrapy.downloadermiddlewares.httpauth.HttpAuthMiddleware',
 'scrapy.downloadermiddlewares.downloadtimeout.DownloadTimeoutMiddleware',
 'scrapy.downloadermiddlewares.defaultheaders.DefaultHeadersMiddleware',
 'scrapy.downloadermiddlewares.useragent.UserAgentMiddleware',
 'scrapy.downloadermiddlewares.retry.RetryMiddleware',
 'scrapy.downloadermiddlewares.redirect.MetaRefreshMiddleware',
 'scrapy.downloadermiddlewares.httpcompression.HttpCompressionMiddleware',
 'scrapy.downloadermiddlewares.redirect.RedirectMiddleware',
 'scrapy.downloadermiddlewares.cookies.CookiesMiddleware',
 'scrapy.downloadermiddlewares.httpproxy.HttpProxyMiddleware',
 'scrapy.downloadermiddlewares.stats.DownloaderStats']
2018-02-04 22:38:19 [scrapy.middleware] INFO: Enabled spider middlewares:
['scrapy.spidermiddlewares.httperror.HttpErrorMiddleware',
 'scrapy.spidermiddlewares.offsite.OffsiteMiddleware',
 'scrapy.spidermiddlewares.referer.RefererMiddleware',
 'scrapy.spidermiddlewares.urllength.UrlLengthMiddleware',
 'scrapy.spidermiddlewares.depth.DepthMiddleware']
2018-02-04 22:38:19 [scrapy.middleware] INFO: Enabled item pipelines:
[]
2018-02-04 22:38:19 [scrapy.core.engine] INFO: Spider opened
2018-02-04 22:38:19 [scrapy.extensions.logstats] INFO: Crawled 0 pages (at 0 pages/min), scraped 0 items (at 0 items/min)
2018-02-04 22:38:19 [scrapy.extensions.telnet] DEBUG: Telnet console listening on 127.0.0.1:6027
2018-02-04 22:38:34 [scrapy.downloadermiddlewares.redirect] DEBUG: Redirecting (301) to <GET https://amazon.com/robots.txt> from <GET http://amazon.com/robots.txt>
2018-02-04 22:38:35 [scrapy.downloadermiddlewares.redirect] DEBUG: Redirecting (301) to <GET https://www.amazon.com/robots.txt> from <GET https://amazon.com/robots.txt>
2018-02-04 22:38:37 [scrapy.core.engine] DEBUG: Crawled (200) <GET https://www.amazon.com/robots.txt> (referer: None)
2018-02-04 22:38:40 [scrapy.downloadermiddlewares.redirect] DEBUG: Redirecting (301) to <GET https://amazon.com/> from <GET http://amazon.com/>
2018-02-04 22:38:42 [scrapy.downloadermiddlewares.redirect] DEBUG: Redirecting (301) to <GET https://www.amazon.com/> from <GET https://amazon.com/>
2018-02-04 22:38:44 [scrapy.core.engine] DEBUG: Crawled (200) <GET https://www.amazon.com/robots.txt> (referer: None)
2018-02-04 22:38:45 [scrapy.downloadermiddlewares.retry] DEBUG: Retrying <GET https://www.amazon.com/> (failed 1 times): 503 Service Unavailable
2018-02-04 22:38:48 [scrapy.downloadermiddlewares.retry] DEBUG: Retrying <GET https://www.amazon.com/> (failed 2 times): 503 Service Unavailable
2018-02-04 22:38:49 [scrapy.downloadermiddlewares.retry] DEBUG: Gave up retrying <GET https://www.amazon.com/> (failed 3 times): 503 Service Unavailable
2018-02-04 22:38:49 [scrapy.core.engine] DEBUG: Crawled (503) <GET https://www.amazon.com/> (referer: None)
2018-02-04 22:38:49 [scrapy.spidermiddlewares.httperror] INFO: Ignoring response <503 https://www.amazon.com/>: HTTP status code is not handled or not allowed
2018-02-04 22:38:49 [scrapy.core.engine] INFO: Closing spider (finished)
2018-02-04 22:38:49 [scrapy.statscollectors] INFO: Dumping Scrapy stats:
{'downloader/request_bytes': 1941,
 'downloader/request_count': 9,
 'downloader/request_method_count/GET': 9,
 'downloader/response_bytes': 12454,
 'downloader/response_count': 9,
 'downloader/response_status_count/200': 2,
 'downloader/response_status_count/301': 4,
 'downloader/response_status_count/503': 3,
 'finish_reason': 'finished',
 'finish_time': datetime.datetime(2018, 2, 4, 20, 38, 49, 689000),
 'httperror/response_ignored_count': 1,
 'httperror/response_ignored_status_count/503': 1,
 'log_count/DEBUG': 11,
 'log_count/INFO': 8,
 'response_received_count': 3,
 'retry/count': 2,
 'retry/max_reached': 1,
 'retry/reason_count/503 Service Unavailable': 2,
 'scheduler/dequeued': 5,
 'scheduler/dequeued/memory': 5,
 'scheduler/enqueued': 5,
 'scheduler/enqueued/memory': 5,
 'start_time': datetime.datetime(2018, 2, 4, 20, 38, 19, 539000)}
2018-02-04 22:38:49 [scrapy.core.engine] INFO: Spider closed (finished)
